<?xml version="1.0" encoding="UTF-8"?>
<!-- Generated by org.testng.reporters.JUnitXMLReporter -->
<testsuite ignored="0" hostname="CN-NZ-CHR-LT16" failures="0" tests="10" name="Test" time="22.707" errors="0" timestamp="2023-12-31T14:29:40 NZDT">
  <testcase classname="org.testing.testScripts.TC1_postRequest" name="testcase1" time="6.426"/>
  <testcase classname="org.testing.testScripts.TC2_getALL" name="testcase2" time="0.79"/>
  <testcase classname="org.testing.testScripts.TC3_GetParticularRequest" name="testcase3" time="0.614"/>
  <testcase classname="org.testing.testScripts.TC4_UpdateRequest" name="testCase4" time="0.549"/>
  <testcase classname="org.testing.testScripts.TC5_DeleteRequest" name="testcase5" time="0.4"/>
  <testcase classname="org.testing.testScripts.TC6_getALLEmployeeInformation" name="testcase6" time="0.883"/>
  <testcase classname="org.testing.testScripts.TC7_getparticularEmployeeInformation" name="testcase7" time="0.458"/>
  <testcase classname="org.testing.testScripts.TC8_AddnewEmployee" name="testcase8" time="1.057"/>
  <testcase classname="org.testing.testScripts.TC9_UpdateEmployeeRecord" name="testCase9" time="0.946"/>
  <testcase classname="org.testing.testScripts.TC10_DeleteEmployeeRecord" name="testcase10" time="10.482"/>
</testsuite> <!-- Test -->
